# JRE version: OpenJDK Runtime Environment (8.0_202-b03) (build 1.8.0_202-release-1483-b03)
# Java VM: OpenJDK 64-Bit Server VM (25.202-b03 mixed mode windows-amd64 compressed oops)
Heap:
 PSYoungGen      total 157696K, used 52630K [0x00000000e0000000, 0x00000000ecd00000, 0x0000000100000000)
  eden space 141312K, 25% used [0x00000000e0000000,0x00000000e23c9a10,0x00000000e8a00000)
  from space 16384K, 97% used [0x00000000e8e00000,0x00000000e9d9c0b0,0x00000000e9e00000)
  to   space 34304K, 0% used [0x00000000eab80000,0x00000000eab80000,0x00000000ecd00000)
 ParOldGen       total 129024K, used 72921K [0x00000000a0000000, 0x00000000a7e00000, 0x00000000e0000000)
  object space 129024K, 56% used [0x00000000a0000000,0x00000000a4736698,0x00000000a7e00000)
 Metaspace       used 90033K, capacity 94702K, committed 94936K, reserved 1132544K
  class space    used 11412K, capacity 12242K, committed 12288K, reserved 1048576K
GC Heap History (10 events):
Event: 9480.804 GC heap before
{Heap before GC invocations=28 (full 3):
 PSYoungGen      total 174592K, used 168998K [0x00000000e0000000, 0x00000000ec900000, 0x0000000100000000)
  eden space 150528K, 99% used [0x00000000e0000000,0x00000000e92e21c8,0x00000000e9300000)
  from space 24064K, 77% used [0x00000000eb180000,0x00000000ec3a79e8,0x00000000ec900000)
  to   space 27648K, 0% used [0x00000000e9300000,0x00000000e9300000,0x00000000eae00000)
 ParOldGen       total 129024K, used 63592K [0x00000000a0000000, 0x00000000a7e00000, 0x00000000e0000000)
  object space 129024K, 49% used [0x00000000a0000000,0x00000000a3e1a228,0x00000000a7e00000)
 Metaspace       used 89655K, capacity 94230K, committed 94424K, reserved 1132544K
  class space    used 11411K, capacity 12240K, committed 12288K, reserved 1048576K
Event: 9480.896 GC heap after
Heap after GC invocations=28 (full 3):
 PSYoungGen      total 178176K, used 27635K [0x00000000e0000000, 0x00000000ee300000, 0x0000000100000000)
  eden space 150528K, 0% used [0x00000000e0000000,0x00000000e0000000,0x00000000e9300000)
  from space 27648K, 99% used [0x00000000e9300000,0x00000000eadfcf88,0x00000000eae00000)
  to   space 34816K, 0% used [0x00000000ec100000,0x00000000ec100000,0x00000000ee300000)
 ParOldGen       total 129024K, used 72681K [0x00000000a0000000, 0x00000000a7e00000, 0x00000000e0000000)
  object space 129024K, 56% used [0x00000000a0000000,0x00000000a46fa688,0x00000000a7e00000)
 Metaspace       used 89655K, capacity 94230K, committed 94424K, reserved 1132544K
  class space    used 11411K, capacity 12240K, committed 12288K, reserved 1048576K
}
Event: 9680.159 GC heap before
{Heap before GC invocations=29 (full 3):
 PSYoungGen      total 178176K, used 178163K [0x00000000e0000000, 0x00000000ee300000, 0x0000000100000000)
  eden space 150528K, 100% used [0x00000000e0000000,0x00000000e9300000,0x00000000e9300000)
  from space 27648K, 99% used [0x00000000e9300000,0x00000000eadfcf88,0x00000000eae00000)
  to   space 34816K, 0% used [0x00000000ec100000,0x00000000ec100000,0x00000000ee300000)
 ParOldGen       total 129024K, used 72681K [0x00000000a0000000, 0x00000000a7e00000, 0x00000000e0000000)
  object space 129024K, 56% used [0x00000000a0000000,0x00000000a46fa688,0x00000000a7e00000)
 Metaspace       used 89768K, capacity 94422K, committed 94680K, reserved 1132544K
  class space    used 11411K, capacity 12240K, committed 12288K, reserved 1048576K
Event: 9680.238 GC heap after
Heap after GC invocations=29 (full 3):
 PSYoungGen      total 171008K, used 24966K [0x00000000e0000000, 0x00000000ed980000, 0x0000000100000000)
  eden space 145920K, 0% used [0x00000000e0000000,0x00000000e0000000,0x00000000e8e80000)
  from space 25088K, 99% used [0x00000000ec100000,0x00000000ed961890,0x00000000ed980000)
  to   space 36352K, 0% used [0x00000000e9280000,0x00000000e9280000,0x00000000eb600000)
 ParOldGen       total 129024K, used 72905K [0x00000000a0000000, 0x00000000a7e00000, 0x00000000e0000000)
  object space 129024K, 56% used [0x00000000a0000000,0x00000000a4732698,0x00000000a7e00000)
 Metaspace       used 89768K, capacity 94422K, committed 94680K, reserved 1132544K
  class space    used 11411K, capacity 12240K, committed 12288K, reserved 1048576K
}
Event: 9683.853 GC heap before
{Heap before GC invocations=30 (full 3):
 PSYoungGen      total 171008K, used 169249K [0x00000000e0000000, 0x00000000ed980000, 0x0000000100000000)
  eden space 145920K, 98% used [0x00000000e0000000,0x00000000e8ce6d00,0x00000000e8e80000)
  from space 25088K, 99% used [0x00000000ec100000,0x00000000ed961890,0x00000000ed980000)
  to   space 36352K, 0% used [0x00000000e9280000,0x00000000e9280000,0x00000000eb600000)
 ParOldGen       total 129024K, used 72905K [0x00000000a0000000, 0x00000000a7e00000, 0x00000000e0000000)
  object space 129024K, 56% used [0x00000000a0000000,0x00000000a4732698,0x00000000a7e00000)
 Metaspace       used 89821K, capacity 94422K, committed 94680K, reserved 1132544K
  class space    used 11411K, capacity 12240K, committed 12288K, reserved 1048576K
Event: 9683.935 GC heap after
Heap after GC invocations=30 (full 3):
 PSYoungGen      total 186368K, used 22305K [0x00000000e0000000, 0x00000000ee180000, 0x0000000100000000)
  eden space 150016K, 0% used [0x00000000e0000000,0x00000000e0000000,0x00000000e9280000)
  from space 36352K, 61% used [0x00000000e9280000,0x00000000ea8485b8,0x00000000eb600000)
  to   space 36352K, 0% used [0x00000000ebe00000,0x00000000ebe00000,0x00000000ee180000)
 ParOldGen       total 129024K, used 72913K [0x00000000a0000000, 0x00000000a7e00000, 0x00000000e0000000)
  object space 129024K, 56% used [0x00000000a0000000,0x00000000a4734698,0x00000000a7e00000)
 Metaspace       used 89821K, capacity 94422K, committed 94680K, reserved 1132544K
  class space    used 11411K, capacity 12240K, committed 12288K, reserved 1048576K
}
Event: 10070.114 GC heap before
{Heap before GC invocations=31 (full 3):
 PSYoungGen      total 186368K, used 172321K [0x00000000e0000000, 0x00000000ee180000, 0x0000000100000000)
  eden space 150016K, 100% used [0x00000000e0000000,0x00000000e9280000,0x00000000e9280000)
  from space 36352K, 61% used [0x00000000e9280000,0x00000000ea8485b8,0x00000000eb600000)
  to   space 36352K, 0% used [0x00000000ebe00000,0x00000000ebe00000,0x00000000ee180000)
 ParOldGen       total 129024K, used 72913K [0x00000000a0000000, 0x00000000a7e00000, 0x00000000e0000000)
  object space 129024K, 56% used [0x00000000a0000000,0x00000000a4734698,0x00000000a7e00000)
 Metaspace       used 89923K, capacity 94436K, committed 94680K, reserved 1132544K
  class space    used 11411K, capacity 12241K, committed 12288K, reserved 1048576K
Event: 10070.212 GC heap after
Heap after GC invocations=31 (full 3):
 PSYoungGen      total 166912K, used 20337K [0x00000000e0000000, 0x00000000ed300000, 0x0000000100000000)
  eden space 145408K, 0% used [0x00000000e0000000,0x00000000e0000000,0x00000000e8e00000)
  from space 21504K, 94% used [0x00000000ebe00000,0x00000000ed1dc548,0x00000000ed300000)
  to   space 35328K, 0% used [0x00000000e8e00000,0x00000000e8e00000,0x00000000eb080000)
 ParOldGen       total 129024K, used 72921K [0x00000000a0000000, 0x00000000a7e00000, 0x00000000e0000000)
  object space 129024K, 56% used [0x00000000a0000000,0x00000000a4736698,0x00000000a7e00000)
 Metaspace       used 89923K, capacity 94436K, committed 94680K, reserved 1132544K
  class space    used 11411K, capacity 12241K, committed 12288K, reserved 1048576K
}
Event: 10618.191 GC heap before
{Heap before GC invocations=32 (full 3):
 PSYoungGen      total 166912K, used 165745K [0x00000000e0000000, 0x00000000ed300000, 0x0000000100000000)
  eden space 145408K, 100% used [0x00000000e0000000,0x00000000e8e00000,0x00000000e8e00000)
  from space 21504K, 94% used [0x00000000ebe00000,0x00000000ed1dc548,0x00000000ed300000)
  to   space 35328K, 0% used [0x00000000e8e00000,0x00000000e8e00000,0x00000000eb080000)
 ParOldGen       total 129024K, used 72921K [0x00000000a0000000, 0x00000000a7e00000, 0x00000000e0000000)
  object space 129024K, 56% used [0x00000000a0000000,0x00000000a4736698,0x00000000a7e00000)
 Metaspace       used 89983K, capacity 94634K, committed 94680K, reserved 1132544K
  class space    used 11412K, capacity 12242K, committed 12288K, reserved 1048576K
Event: 10618.231 GC heap after
Heap after GC invocations=32 (full 3):
 PSYoungGen      total 157696K, used 15984K [0x00000000e0000000, 0x00000000ecd00000, 0x0000000100000000)
  eden space 141312K, 0% used [0x00000000e0000000,0x00000000e0000000,0x00000000e8a00000)
  from space 16384K, 97% used [0x00000000e8e00000,0x00000000e9d9c0b0,0x00000000e9e00000)
  to   space 34304K, 0% used [0x00000000eab80000,0x00000000eab80000,0x00000000ecd00000)
 ParOldGen       total 129024K, used 72921K [0x00000000a0000000, 0x00000000a7e00000, 0x00000000e0000000)
  object space 129024K, 56% used [0x00000000a0000000,0x00000000a4736698,0x00000000a7e00000)
 Metaspace       used 89983K, capacity 94634K, committed 94680K, reserved 1132544K
  class space    used 11412K, capacity 12242K, committed 12288K, reserved 1048576K
}

